Removed Pin From Net: NetName=GND Pin=D3-2
Removed Pin From Net: NetName=GND Pin=J2-5
Removed Pin From Net: NetName=VCC Pin=U2-3
Change Component Footprint: Designator=D1 Old Footprint=FAIR-DO-41-2 New Footprint=FP-DO-201AD-MFG
Change Component Footprint: Designator=D2 Old Footprint=FAIR-DO-41-2 New Footprint=FP-DO-201AD-MFG
Change Component Footprint: Designator=D3 Old Footprint=FAIR-DO-41-2 New Footprint=FP-DO-201AD-MFG
Change Component Comment : Designator=D1 Old Comment=1N4007 New Comment=1N5408G-T
Change Component Comment : Designator=D2 Old Comment=1N4007 New Comment=1N5408G-T
Change Component Comment : Designator=D3 Old Comment=1N4007 New Comment=1N5408G-T
Change Managed Component Library Link : Designator=D1 Old VaultGUID=7223071E-C600-495F-9373-F0DF3E3CEBF6 New VaultGUID=B7D15EC3-160A-466F-A46C-7801FE6295A7 Old ItemGUID=E274F21E-CE82-4CDC-B469-F8CF525022B3 New ItemGUID=704A0A4F-4FD6-4760-9700-65B738818ACF Old RevisionGUID=E9178B9B-848F-49E1-9188-32239BB77F60 New RevisionGUID=410BD90A-0840-4F62-B06D-767D37B3C318
Change Managed Component Library Link : Designator=D2 Old VaultGUID=7223071E-C600-495F-9373-F0DF3E3CEBF6 New VaultGUID=B7D15EC3-160A-466F-A46C-7801FE6295A7 Old ItemGUID=E274F21E-CE82-4CDC-B469-F8CF525022B3 New ItemGUID=704A0A4F-4FD6-4760-9700-65B738818ACF Old RevisionGUID=E9178B9B-848F-49E1-9188-32239BB77F60 New RevisionGUID=410BD90A-0840-4F62-B06D-767D37B3C318
Change Managed Component Library Link : Designator=D3 Old VaultGUID=7223071E-C600-495F-9373-F0DF3E3CEBF6 New VaultGUID=B7D15EC3-160A-466F-A46C-7801FE6295A7 Old ItemGUID=E274F21E-CE82-4CDC-B469-F8CF525022B3 New ItemGUID=704A0A4F-4FD6-4760-9700-65B738818ACF Old RevisionGUID=E9178B9B-848F-49E1-9188-32239BB77F60 New RevisionGUID=410BD90A-0840-4F62-B06D-767D37B3C318
Change component parameters: Designator = "D1" ("D1"); Footprint = "FAIR-DO-41-2"; UniqueID = "\MOMVRMVL" ("\MOMVRMVL")
Change component parameters (AddParameter): Name = "Average Rectified Current"; Value = "3A"; VariantName = "[No Variations]"
Change component parameters (AddParameter): Name = "Capacitance"; Value = "40pF"; VariantName = "[No Variations]"
Change component parameters (AddParameter): Name = "Case/Package"; Value = "DO-201AD"; VariantName = "[No Variations]"
Change component parameters (AddParameter): Name = "Current Rating"; Value = "3A"; VariantName = "[No Variations]"
Change component parameters (AddParameter): Name = "Element Configuration"; Value = "Single"; VariantName = "[No Variations]"
Change component parameters (AddParameter): Name = "Forward Current"; Value = "3A"; VariantName = "[No Variations]"
Change component parameters (AddParameter): Name = "Forward Voltage"; Value = "1.1V"; VariantName = "[No Variations]"
Change component parameters (AddParameter): Name = "Height"; Value = "5.3mm"; VariantName = "[No Variations]"
Change component parameters (AddParameter): Name = "Lead Free"; Value = "Lead Free"; VariantName = "[No Variations]"
Change component parameters (AddParameter): Name = "Length"; Value = "9.5mm"; VariantName = "[No Variations]"
Change component parameters (AddParameter): Name = "Max Operating Temperature"; Value = "150°C"; VariantName = "[No Variations]"
Change component parameters (AddParameter): Name = "Max Repetitive Reverse Voltage (Vrrm)"; Value = "1kV"; VariantName = "[No Variations]"
Change component parameters (AddParameter): Name = "Max Reverse Current"; Value = "5uA"; VariantName = "[No Variations]"
Change component parameters (AddParameter): Name = "Max Reverse Voltage (DC)"; Value = "1kV"; VariantName = "[No Variations]"
Change component parameters (AddParameter): Name = "Max Surge Current"; Value = "125A"; VariantName = "[No Variations]"
Change component parameters (AddParameter): Name = "Min Operating Temperature"; Value = "-65°C"; VariantName = "[No Variations]"
Change component parameters (AddParameter): Name = "Mount"; Value = "Through Hole"; VariantName = "[No Variations]"
Change component parameters (AddParameter): Name = "Number of Pins"; Value = "2"; VariantName = "[No Variations]"
Change component parameters (AddParameter): Name = "Output Current"; Value = "3A"; VariantName = "[No Variations]"
Change component parameters (AddParameter): Name = "Package Quantity"; Value = "1200"; VariantName = "[No Variations]"
Change component parameters (AddParameter): Name = "Packaging"; Value = "Tape and Reel"; VariantName = "[No Variations]"
Change component parameters (AddParameter): Name = "Peak Non-Repetitive Surge Current"; Value = "125A"; VariantName = "[No Variations]"
Change component parameters (AddParameter): Name = "Polarity"; Value = "Standard"; VariantName = "[No Variations]"
Change component parameters (AddParameter): Name = "Radiation Hardening"; Value = "No"; VariantName = "[No Variations]"
Change component parameters (AddParameter): Name = "Recovery Time"; Value = "2us"; VariantName = "[No Variations]"
Change component parameters (AddParameter): Name = "Reverse Recovery Time"; Value = "2us"; VariantName = "[No Variations]"
Change component parameters (AddParameter): Name = "Reverse Voltage (DC)"; Value = "1kV"; VariantName = "[No Variations]"
Change component parameters (AddParameter): Name = "RoHS Compliant"; Value = "Yes"; VariantName = "[No Variations]"
Change component parameters (AddParameter): Name = "Series"; Value = "-"; VariantName = "[No Variations]"
Change component parameters (AddParameter): Name = "Voltage Rating (DC)"; Value = "1kV"; VariantName = "[No Variations]"
Change component parameters (AddParameter): Name = "Weight"; Value = "0.038801oz"; VariantName = "[No Variations]"
Change component parameters (AddParameter): Name = "Width"; Value = "5.3mm"; VariantName = "[No Variations]"
Change component parameters: Designator = "D2" ("D2"); Footprint = "FAIR-DO-41-2"; UniqueID = "\ZYMERWAE" ("\ZYMERWAE")
Change component parameters (AddParameter): Name = "Average Rectified Current"; Value = "3A"; VariantName = "[No Variations]"
Change component parameters (AddParameter): Name = "Capacitance"; Value = "40pF"; VariantName = "[No Variations]"
Change component parameters (AddParameter): Name = "Case/Package"; Value = "DO-201AD"; VariantName = "[No Variations]"
Change component parameters (AddParameter): Name = "Current Rating"; Value = "3A"; VariantName = "[No Variations]"
Change component parameters (AddParameter): Name = "Element Configuration"; Value = "Single"; VariantName = "[No Variations]"
Change component parameters (AddParameter): Name = "Forward Current"; Value = "3A"; VariantName = "[No Variations]"
Change component parameters (AddParameter): Name = "Forward Voltage"; Value = "1.1V"; VariantName = "[No Variations]"
Change component parameters (AddParameter): Name = "Height"; Value = "5.3mm"; VariantName = "[No Variations]"
Change component parameters (AddParameter): Name = "Lead Free"; Value = "Lead Free"; VariantName = "[No Variations]"
Change component parameters (AddParameter): Name = "Length"; Value = "9.5mm"; VariantName = "[No Variations]"
Change component parameters (AddParameter): Name = "Max Operating Temperature"; Value = "150°C"; VariantName = "[No Variations]"
Change component parameters (AddParameter): Name = "Max Repetitive Reverse Voltage (Vrrm)"; Value = "1kV"; VariantName = "[No Variations]"
Change component parameters (AddParameter): Name = "Max Reverse Current"; Value = "5uA"; VariantName = "[No Variations]"
Change component parameters (AddParameter): Name = "Max Reverse Voltage (DC)"; Value = "1kV"; VariantName = "[No Variations]"
Change component parameters (AddParameter): Name = "Max Surge Current"; Value = "125A"; VariantName = "[No Variations]"
Change component parameters (AddParameter): Name = "Min Operating Temperature"; Value = "-65°C"; VariantName = "[No Variations]"
Change component parameters (AddParameter): Name = "Mount"; Value = "Through Hole"; VariantName = "[No Variations]"
Change component parameters (AddParameter): Name = "Number of Pins"; Value = "2"; VariantName = "[No Variations]"
Change component parameters (AddParameter): Name = "Output Current"; Value = "3A"; VariantName = "[No Variations]"
Change component parameters (AddParameter): Name = "Package Quantity"; Value = "1200"; VariantName = "[No Variations]"
Change component parameters (AddParameter): Name = "Packaging"; Value = "Tape and Reel"; VariantName = "[No Variations]"
Change component parameters (AddParameter): Name = "Peak Non-Repetitive Surge Current"; Value = "125A"; VariantName = "[No Variations]"
Change component parameters (AddParameter): Name = "Polarity"; Value = "Standard"; VariantName = "[No Variations]"
Change component parameters (AddParameter): Name = "Radiation Hardening"; Value = "No"; VariantName = "[No Variations]"
Change component parameters (AddParameter): Name = "Recovery Time"; Value = "2us"; VariantName = "[No Variations]"
Change component parameters (AddParameter): Name = "Reverse Recovery Time"; Value = "2us"; VariantName = "[No Variations]"
Change component parameters (AddParameter): Name = "Reverse Voltage (DC)"; Value = "1kV"; VariantName = "[No Variations]"
Change component parameters (AddParameter): Name = "RoHS Compliant"; Value = "Yes"; VariantName = "[No Variations]"
Change component parameters (AddParameter): Name = "Series"; Value = "-"; VariantName = "[No Variations]"
Change component parameters (AddParameter): Name = "Voltage Rating (DC)"; Value = "1kV"; VariantName = "[No Variations]"
Change component parameters (AddParameter): Name = "Weight"; Value = "0.038801oz"; VariantName = "[No Variations]"
Change component parameters (AddParameter): Name = "Width"; Value = "5.3mm"; VariantName = "[No Variations]"
Change component parameters: Designator = "D3" ("D3"); Footprint = "FAIR-DO-41-2"; UniqueID = "\JNTULMJW" ("\JNTULMJW")
Change component parameters (AddParameter): Name = "Average Rectified Current"; Value = "3A"; VariantName = "[No Variations]"
Change component parameters (AddParameter): Name = "Capacitance"; Value = "40pF"; VariantName = "[No Variations]"
Change component parameters (AddParameter): Name = "Case/Package"; Value = "DO-201AD"; VariantName = "[No Variations]"
Change component parameters (AddParameter): Name = "Current Rating"; Value = "3A"; VariantName = "[No Variations]"
Change component parameters (AddParameter): Name = "Element Configuration"; Value = "Single"; VariantName = "[No Variations]"
Change component parameters (AddParameter): Name = "Forward Current"; Value = "3A"; VariantName = "[No Variations]"
Change component parameters (AddParameter): Name = "Forward Voltage"; Value = "1.1V"; VariantName = "[No Variations]"
Change component parameters (AddParameter): Name = "Height"; Value = "5.3mm"; VariantName = "[No Variations]"
Change component parameters (AddParameter): Name = "Lead Free"; Value = "Lead Free"; VariantName = "[No Variations]"
Change component parameters (AddParameter): Name = "Length"; Value = "9.5mm"; VariantName = "[No Variations]"
Change component parameters (AddParameter): Name = "Max Operating Temperature"; Value = "150°C"; VariantName = "[No Variations]"
Change component parameters (AddParameter): Name = "Max Repetitive Reverse Voltage (Vrrm)"; Value = "1kV"; VariantName = "[No Variations]"
Change component parameters (AddParameter): Name = "Max Reverse Current"; Value = "5uA"; VariantName = "[No Variations]"
Change component parameters (AddParameter): Name = "Max Reverse Voltage (DC)"; Value = "1kV"; VariantName = "[No Variations]"
Change component parameters (AddParameter): Name = "Max Surge Current"; Value = "125A"; VariantName = "[No Variations]"
Change component parameters (AddParameter): Name = "Min Operating Temperature"; Value = "-65°C"; VariantName = "[No Variations]"
Change component parameters (AddParameter): Name = "Mount"; Value = "Through Hole"; VariantName = "[No Variations]"
Change component parameters (AddParameter): Name = "Number of Pins"; Value = "2"; VariantName = "[No Variations]"
Change component parameters (AddParameter): Name = "Output Current"; Value = "3A"; VariantName = "[No Variations]"
Change component parameters (AddParameter): Name = "Package Quantity"; Value = "1200"; VariantName = "[No Variations]"
Change component parameters (AddParameter): Name = "Packaging"; Value = "Tape and Reel"; VariantName = "[No Variations]"
Change component parameters (AddParameter): Name = "Peak Non-Repetitive Surge Current"; Value = "125A"; VariantName = "[No Variations]"
Change component parameters (AddParameter): Name = "Polarity"; Value = "Standard"; VariantName = "[No Variations]"
Change component parameters (AddParameter): Name = "Radiation Hardening"; Value = "No"; VariantName = "[No Variations]"
Change component parameters (AddParameter): Name = "Recovery Time"; Value = "2us"; VariantName = "[No Variations]"
Change component parameters (AddParameter): Name = "Reverse Recovery Time"; Value = "2us"; VariantName = "[No Variations]"
Change component parameters (AddParameter): Name = "Reverse Voltage (DC)"; Value = "1kV"; VariantName = "[No Variations]"
Change component parameters (AddParameter): Name = "RoHS Compliant"; Value = "Yes"; VariantName = "[No Variations]"
Change component parameters (AddParameter): Name = "Series"; Value = "-"; VariantName = "[No Variations]"
Change component parameters (AddParameter): Name = "Voltage Rating (DC)"; Value = "1kV"; VariantName = "[No Variations]"
Change component parameters (AddParameter): Name = "Weight"; Value = "0.038801oz"; VariantName = "[No Variations]"
Change component parameters (AddParameter): Name = "Width"; Value = "5.3mm"; VariantName = "[No Variations]"
Added Pin To Net: NetName=VCC Pin=D3-1
Added Pin To Net: NetName=VCC Pin=J2-4
Added Pin To Net: NetName=GND Pin=U2-2
Added Pin To Net: NetName=NetD3_2 Pin=D3-2
Added Pin To Net: NetName=NetD3_2 Pin=J2-5
Added Pin To Net: NetName=NetD3_2 Pin=U2-3
Added Net: Name=NetD3_2
Added Room: Name=schem
